[debug] [2024-08-26T10:30:16.404Z] ----------------------------------------------------------------------
[debug] [2024-08-26T10:30:16.407Z] Command:       C:\Program Files\nodejs\node.exe C:\Users\P3720159\AppData\Roaming\npm\node_modules\firebase-tools\lib\bin\firebase.js login
[debug] [2024-08-26T10:30:16.407Z] CLI Version:   13.15.4
[debug] [2024-08-26T10:30:16.407Z] Platform:      win32
[debug] [2024-08-26T10:30:16.407Z] Node Version:  v20.16.0
[debug] [2024-08-26T10:30:16.407Z] Time:          Mon Aug 26 2024 13:30:16 GMT+0300 (Eastern European Summer Time)
[debug] [2024-08-26T10:30:16.407Z] ----------------------------------------------------------------------
[debug] 
[info] i  Firebase optionally collects CLI and Emulator Suite usage and error reporting information to help improve our products. Data is collected in accordance with Google's privacy policy (https://policies.google.com/privacy) and is not used to identify you.
 
[info] 
[info] Visit this URL on this device to log in:
[info] https://accounts.google.com/o/oauth2/auth?client_id=563584335869-fgrhgmd47bqnekij5i8b5pr03ho849e6.apps.googleusercontent.com&scope=email%20openid%20https%3A%2F%2Fwww.googleapis.com%2Fauth%2Fcloudplatformprojects.readonly%20https%3A%2F%2Fwww.googleapis.com%2Fauth%2Ffirebase%20https%3A%2F%2Fwww.googleapis.com%2Fauth%2Fcloud-platform&response_type=code&state=49677227&redirect_uri=http%3A%2F%2Flocalhost%3A9005
[info] 
[info] Waiting for authentication...
[debug] [2024-08-26T10:30:18.256Z] Error: spawn cmd ENOENT
    at ChildProcess._handle.onexit (node:internal/child_process:286:19)
    at onErrorNT (node:internal/child_process:484:16)
    at process.processTicksAndRejections (node:internal/process/task_queues:82:21)
[error] 
[error] Error: An unexpected error has occurred.
[debug] [2024-08-26T10:37:46.914Z] ----------------------------------------------------------------------
[debug] [2024-08-26T10:37:46.917Z] Command:       C:\Program Files\nodejs\node.exe C:\Users\P3720159\AppData\Roaming\npm\node_modules\firebase-tools\lib\bin\firebase.js login
[debug] [2024-08-26T10:37:46.917Z] CLI Version:   13.15.4
[debug] [2024-08-26T10:37:46.917Z] Platform:      win32
[debug] [2024-08-26T10:37:46.917Z] Node Version:  v20.16.0
[debug] [2024-08-26T10:37:46.917Z] Time:          Mon Aug 26 2024 13:37:46 GMT+0300 (Eastern European Summer Time)
[debug] [2024-08-26T10:37:46.918Z] ----------------------------------------------------------------------
[debug] 
[info] i  Firebase optionally collects CLI and Emulator Suite usage and error reporting information to help improve our products. Data is collected in accordance with Google's privacy policy (https://policies.google.com/privacy) and is not used to identify you.
 
[info] 
[info] Visit this URL on this device to log in:
[info] https://accounts.google.com/o/oauth2/auth?client_id=563584335869-fgrhgmd47bqnekij5i8b5pr03ho849e6.apps.googleusercontent.com&scope=email%20openid%20https%3A%2F%2Fwww.googleapis.com%2Fauth%2Fcloudplatformprojects.readonly%20https%3A%2F%2Fwww.googleapis.com%2Fauth%2Ffirebase%20https%3A%2F%2Fwww.googleapis.com%2Fauth%2Fcloud-platform&response_type=code&state=504215568&redirect_uri=http%3A%2F%2Flocalhost%3A9005
[info] 
[info] Waiting for authentication...
[debug] [2024-08-26T11:04:07.833Z] Error: spawn cmd ENOENT
    at ChildProcess._handle.onexit (node:internal/child_process:286:19)
    at onErrorNT (node:internal/child_process:484:16)
    at process.processTicksAndRejections (node:internal/process/task_queues:82:21)
[error] 
[error] Error: An unexpected error has occurred.
[debug] [2024-08-26T11:28:47.333Z] ----------------------------------------------------------------------
[debug] [2024-08-26T11:28:47.336Z] Command:       C:\Program Files\nodejs\node.exe C:\Users\P3720159\AppData\Roaming\npm\node_modules\firebase-tools\lib\bin\firebase.js login
[debug] [2024-08-26T11:28:47.336Z] CLI Version:   13.15.4
[debug] [2024-08-26T11:28:47.336Z] Platform:      win32
[debug] [2024-08-26T11:28:47.337Z] Node Version:  v20.16.0
[debug] [2024-08-26T11:28:47.337Z] Time:          Mon Aug 26 2024 14:28:47 GMT+0300 (Eastern European Summer Time)
[debug] [2024-08-26T11:28:47.337Z] ----------------------------------------------------------------------
[debug] 
[info] i  Firebase optionally collects CLI and Emulator Suite usage and error reporting information to help improve our products. Data is collected in accordance with Google's privacy policy (https://policies.google.com/privacy) and is not used to identify you.
 
[info] 
[info] Visit this URL on this device to log in:
[info] https://accounts.google.com/o/oauth2/auth?client_id=563584335869-fgrhgmd47bqnekij5i8b5pr03ho849e6.apps.googleusercontent.com&scope=email%20openid%20https%3A%2F%2Fwww.googleapis.com%2Fauth%2Fcloudplatformprojects.readonly%20https%3A%2F%2Fwww.googleapis.com%2Fauth%2Ffirebase%20https%3A%2F%2Fwww.googleapis.com%2Fauth%2Fcloud-platform&response_type=code&state=749931574&redirect_uri=http%3A%2F%2Flocalhost%3A9005
[info] 
[info] Waiting for authentication...
[debug] [2024-08-26T11:28:49.234Z] Error: spawn cmd ENOENT
    at ChildProcess._handle.onexit (node:internal/child_process:286:19)
    at onErrorNT (node:internal/child_process:484:16)
    at process.processTicksAndRejections (node:internal/process/task_queues:82:21)
[error] 
[error] Error: An unexpected error has occurred.
[debug] [2024-08-26T11:29:34.387Z] ----------------------------------------------------------------------
[debug] [2024-08-26T11:29:34.389Z] Command:       C:\Program Files\nodejs\node.exe C:\Users\P3720159\AppData\Roaming\npm\node_modules\firebase-tools\lib\bin\firebase.js login
[debug] [2024-08-26T11:29:34.390Z] CLI Version:   13.15.4
[debug] [2024-08-26T11:29:34.390Z] Platform:      win32
[debug] [2024-08-26T11:29:34.390Z] Node Version:  v20.16.0
[debug] [2024-08-26T11:29:34.390Z] Time:          Mon Aug 26 2024 14:29:34 GMT+0300 (Eastern European Summer Time)
[debug] [2024-08-26T11:29:34.390Z] ----------------------------------------------------------------------
[debug] 
[info] i  Firebase optionally collects CLI and Emulator Suite usage and error reporting information to help improve our products. Data is collected in accordance with Google's privacy policy (https://policies.google.com/privacy) and is not used to identify you.
 
[info] 
[info] Visit this URL on this device to log in:
[info] https://accounts.google.com/o/oauth2/auth?client_id=563584335869-fgrhgmd47bqnekij5i8b5pr03ho849e6.apps.googleusercontent.com&scope=email%20openid%20https%3A%2F%2Fwww.googleapis.com%2Fauth%2Fcloudplatformprojects.readonly%20https%3A%2F%2Fwww.googleapis.com%2Fauth%2Ffirebase%20https%3A%2F%2Fwww.googleapis.com%2Fauth%2Fcloud-platform&response_type=code&state=316410450&redirect_uri=http%3A%2F%2Flocalhost%3A9005
[info] 
[info] Waiting for authentication...
[debug] [2024-08-26T11:29:35.965Z] Error: spawn cmd ENOENT
    at ChildProcess._handle.onexit (node:internal/child_process:286:19)
    at onErrorNT (node:internal/child_process:484:16)
    at process.processTicksAndRejections (node:internal/process/task_queues:82:21)
[error] 
[error] Error: An unexpected error has occurred.
